Date/Time:       2026-04-20 20:48:21 
Command line:    /Users/kylebishop/Library/Python/3.9/lib/python/site-packages/briefcase/__main__.py build ios --no-input

OS Release:      Darwin 25.4.0
OS Version:      Darwin Kernel Version 25.4.0: Thu Mar 19 19:32:36 PDT 2026; root:xnu-12377.101.15~1/RELEASE_ARM64_T8103
Architecture:    arm64
Platform:        macOS-26.4-arm64-arm-64bit

Python exe:      /Applications/Xcode.app/Contents/Developer/usr/bin/python3
Python version:  3.9.6 (default, Apr  7 2026, 02:38:40)  [Clang 21.0.0 (clang-2100.0.123.102)]
Virtual env:     False
Conda env:       False

Briefcase:       0.3.24
Target platform: iOS
Target format:   Xcode

Environment Variables:
	ANTIGRAVITY_AGENT=1
	ANTIGRAVITY_EDITOR_APP_ROOT=/Applications/Antigravity.app/Contents/Resources/app
	ANTIGRAVITY_TRAJECTORY_ID=594cf6d0-75c8-420a-b1bf-915359e847ef
	COMMAND_MODE=unix2003
	CPATH=/usr/local/include
	HOME=/Users/kylebishop
	LC_CTYPE=C.UTF-8
	LIBRARY_PATH=/usr/local/lib
	LOGNAME=kylebishop
	MANPATH=/Applications/Xcode.app/Contents/Developer/Platforms/MacOSX.platform/Developer/SDKs/MacOSX.sdk/usr/share/man:/Applications/Xcode.app/Contents/Developer/Platforms/MacOSX.platform/usr/share/man:/Applications/Xcode.app/Contents/Developer/usr/share/man:/Applications/Xcode.app/Contents/Developer/Toolchains/XcodeDefault.xctoolchain/usr/share/man:
	MallocNanoZone=0
	OLDPWD=/Users/kylebishop/Library/Mobile Documents/com~apple~CloudDocs/2DGameEditor
	OSLogRateLimit=64
	PAGER=cat
	PATH=/usr/bin:/bin:/usr/sbin:/sbin
	PWD=/Users/kylebishop/Library/Mobile Documents/com~apple~CloudDocs/2DGameEditor/IOS
	SDKROOT=/Applications/Xcode.app/Contents/Developer/Platforms/MacOSX.platform/Developer/SDKs/MacOSX.sdk
	SHELL=/bin/zsh
	SHLVL=0
	SSH_AUTH_SOCK=/var/run/com.apple.launchd.1DBHajVOuU/Listeners
	TERM=dumb
	TMPDIR=/var/folders/n9/g5qjc5690f54wnm0yv6dyglh0000gn/T/
	USER=kylebishop
	VSCODE_CODE_CACHE_PATH=/Users/kylebishop/Library/Application Support/Antigravity/CachedData/62335c71d47037adf0a8de54e250bb8ea6016b15
	VSCODE_CWD=/
	VSCODE_IPC_HOOK=/Users/kylebishop/Library/Application Support/Antigravity/1.10-main.sock
	VSCODE_NLS_CONFIG={"userLocale":"en-us","osLocale":"en-us","resolvedLanguage":"en","defaultMessagesFile":"/Applications/Antigravity.app/Contents/Resources/app/out/nls.messages.json","locale":"en-us","availableLanguages":{}}
	VSCODE_PID=883
	XPC_FLAGS=0x0
	XPC_SERVICE_NAME=application.com.google.antigravity.23917338.23917344
	_=/usr/bin/python3
	__CFBundleIdentifier=com.google.antigravity
	__CF_USER_TEXT_ENCODING=0x1F5:0x0:0x0

pyproject.toml:
[tool.briefcase]
project_name = "2D Game Editor"
bundle = "com.gustoughson"
version = "0.1.0"
url = "https://gustoughson.com/editor"
license = "BSD-3-Clause"
author = "GusToughSon"
author_email = "support@gustoughson.com"

[tool.briefcase.app.editor-mobile]
formal_name = "2D Game Editor"
description = "A professional 2D Game Engine suite for iOS."
icon = "resources/editor-mobile"
sources = ["src/editor_mobile"]
requires = [
    "toga-ios",
    "pillow",
]

[tool.briefcase.app.editor-mobile.macOS]

[tool.briefcase.app.editor-mobile.ios]
# Set the deployment target to ensure compatibility with iOS 17 even when building on Xcode 26
deployment_target = "17.0"
supported_devices = ["iPhone", "iPad"]

Briefcase Log:
[20:48:14]                                                                                                                                                               base.py:302
           *************************************************************************                                                                                     base.py:302
           ** WARNING: Your Python version is unsupported!                        **                                                                                     base.py:302
           *************************************************************************                                                                                     base.py:302
                                                                                                                                                                         base.py:302
               The version of Python you are using (3.9.6) is past its                                                                                                   base.py:302
               end of life. As a result, it is highly likely your Briefcase                                                                                              base.py:302
               version is also out of date.                                                                                                                              base.py:302
                                                                                                                                                                         base.py:302
               See https://devguide.python.org/versions/ for details on currently                                                                                        base.py:302
               supported Python versions.                                                                                                                                base.py:302
                                                                                                                                                                         base.py:302
           *************************************************************************                                                                                     base.py:302
                                                                                                                                                                       config.py:666
           *************************************************************************                                                                                   config.py:666
[20:48:15] ** WARNING: License Definition for the Project is Deprecated           **                                                                                   config.py:666
           *************************************************************************                                                                                   config.py:666
                                                                                                                                                                       config.py:666
               Briefcase now uses PEP 621 format for license definitions.                                                                                              config.py:666
                                                                                                                                                                       config.py:666
               Previously, the name of the license was assigned to the 'license'                                                                                       config.py:666
               field in pyproject.toml. For PEP 621, the name of the license is                                                                                        config.py:666
               assigned to 'license.text' or the name of the file containing the                                                                                       config.py:666
               license is assigned to 'license.file'.                                                                                                                  config.py:666
                                                                                                                                                                       config.py:666
               The current configuration for the Project has a 'license' field                                                                                         config.py:666
               that is specified as a string:                                                                                                                          config.py:666
                                                                                                                                                                       config.py:666
                   license = "BSD-3-Clause"                                                                                                                            config.py:666
                                                                                                                                                                       config.py:666
               To use the PEP 621 format (and to remove this warning), specify that                                                                                    config.py:666
               the LICENSE file contains the license for the Project:                                                                                                  config.py:666
                                                                                                                                                                       config.py:666
                   license.file = "LICENSE"                                                                                                                            config.py:666
                                                                                                                                                                       config.py:666
           *************************************************************************                                                                                   config.py:666
                                                                                                                                                                   subprocess.py:838
           >>> Running Command:                                                                                                                                    subprocess.py:838
           >>>     xcode-select -p                                                                                                                                 subprocess.py:838
           >>> Working Directory:                                                                                                                                  subprocess.py:838
           >>>     /Users/kylebishop/Library/Mobile Documents/com~apple~CloudDocs/2DGameEditor/IOS                                                                 subprocess.py:838
           >>> Command Output:                                                                                                                                     subprocess.py:838
           >>>     /Applications/Xcode.app/Contents/Developer                                                                                                      subprocess.py:838
           >>> Return code: 0                                                                                                                                      subprocess.py:838
                                                                                                                                                                   subprocess.py:838
                                                                                                                                                                   subprocess.py:838
           >>> Running Command:                                                                                                                                    subprocess.py:838
           >>>     xcodebuild -version                                                                                                                             subprocess.py:838
           >>> Working Directory:                                                                                                                                  subprocess.py:838
           >>>     /Users/kylebishop/Library/Mobile Documents/com~apple~CloudDocs/2DGameEditor/IOS                                                                 subprocess.py:838
           >>> Command Output:                                                                                                                                     subprocess.py:838
           >>>     Xcode 26.4.1                                                                                                                                    subprocess.py:838
           >>>     Build version 17E202                                                                                                                            subprocess.py:838
           >>> Return code: 0                                                                                                                                      subprocess.py:838
                                                                                                                                                                   subprocess.py:838
                                                                                                                                                                   subprocess.py:838
           >>> Running Command:                                                                                                                                    subprocess.py:838
           >>>     xcode-select --install                                                                                                                          subprocess.py:838
           >>> Working Directory:                                                                                                                                  subprocess.py:838
           >>>     /Users/kylebishop/Library/Mobile Documents/com~apple~CloudDocs/2DGameEditor/IOS                                                                 subprocess.py:838
           >>> Command Output:                                                                                                                                     subprocess.py:838
           >>>     xcode-select: note: Command line tools are already installed. Use "Software Update" in System Settings or the softwareupdate command line       subprocess.py:838
           interface to install updates                                                                                                                                             
           >>> Return code: 1                                                                                                                                      subprocess.py:838
                                                                                                                                                                   subprocess.py:838
                                                                                                                                                                   subprocess.py:838
           >>> Running Command:                                                                                                                                    subprocess.py:838
           >>>     /usr/bin/clang --version                                                                                                                        subprocess.py:838
           >>> Working Directory:                                                                                                                                  subprocess.py:838
           >>>     /Users/kylebishop/Library/Mobile Documents/com~apple~CloudDocs/2DGameEditor/IOS                                                                 subprocess.py:838
           >>> Command Output:                                                                                                                                     subprocess.py:838
           >>>     Apple clang version 21.0.0 (clang-2100.0.123.102)                                                                                               subprocess.py:838
           >>>     Target: arm64-apple-darwin25.4.0                                                                                                                subprocess.py:838
           >>>     Thread model: posix                                                                                                                             subprocess.py:838
           >>>     InstalledDir: /Applications/Xcode.app/Contents/Developer/Toolchains/XcodeDefault.xctoolchain/usr/bin                                            subprocess.py:838
           >>> Return code: 0                                                                                                                                      subprocess.py:838
                                                                                                                                                                   subprocess.py:838
                                                                                                                                                                        xcode.py:450
           [editor-mobile] Updating app metadata...                                                                                                                     xcode.py:450
           Setting main module... started                                                                                                                               xcode.py:432
           Setting main module... done                                                                                                                                  xcode.py:443
                                                                                                                                                                        xcode.py:453
           [editor-mobile] Building Xcode project...                                                                                                                    xcode.py:453
           Building... started                                                                                                                                          xcode.py:454
                                                                                                                                                                   subprocess.py:838
           >>> Running Command:                                                                                                                                    subprocess.py:838
           >>>     xcodebuild build -project '/Users/kylebishop/Library/Mobile Documents/com~apple~CloudDocs/2DGameEditor/IOS/build/editor-mobile/ios/xcode/2D     subprocess.py:838
           Game Editor.xcodeproj' -configuration Debug -arch arm64 -sdk iphonesimulator -quiet                                                                                      
           >>> Working Directory:                                                                                                                                  subprocess.py:838
           >>>     /Users/kylebishop/Library/Mobile Documents/com~apple~CloudDocs/2DGameEditor/IOS                                                                 subprocess.py:838
[20:48:21] /Users/kylebishop/Library/Mobile Documents/com~apple~CloudDocs/2DGameEditor/IOS/build/editor-mobile/ios/xcode/build/Debug-iphonesimulator/2D Game       subprocess.py:195
           Editor.app: replacing existing signature                                                                                                                                 
           /Users/kylebishop/Library/Mobile Documents/com~apple~CloudDocs/2DGameEditor/IOS/build/editor-mobile/ios/xcode/build/Debug-iphonesimulator/2D Game       subprocess.py:195
           Editor.app: resource fork, Finder information, or similar detritus not allowed                                                                                           
           Command CodeSign failed with a nonzero exit code                                                                                                        subprocess.py:195
           note: Run script build phase 'Install target specific Python modules' will be run during every build because the option to run the script phase "Based  subprocess.py:195
           on dependency analysis" is unchecked. (in target '2D Game Editor' from project '2D Game Editor')                                                                         
           note: Run script build phase 'Sign Python Binary Modules' will be run during every build because the option to run the script phase "Based on           subprocess.py:195
           dependency analysis" is unchecked. (in target '2D Game Editor' from project '2D Game Editor')                                                                            
           ** BUILD FAILED **                                                                                                                                      subprocess.py:195
                                                                                                                                                                   subprocess.py:195
           >>> Return code: 65                                                                                                                                     subprocess.py:838
                                                                                                                                                                   subprocess.py:838
           Building... errored                                                                                                                                          xcode.py:476
                                                                                                                                                                      __main__.py:42
           Unable to build app editor-mobile.                                                                                                                         __main__.py:43
           Saving log... started                                                                                                                                      console.py:433

Main thread traceback:
╭─────────────────────────────────────────────────────────────────────── Traceback (most recent call last) ────────────────────────────────────────────────────────────────────────╮
│ /Users/kylebishop/Library/Python/3.9/lib/python/site-packages/briefcase/platforms/iOS/xcode.py:456 in build_app                                                                  │
│                                                                                                                                                                                  │
│   453 │   │   self.console.info("Building Xcode project...", prefix=app.app_name)                                                                                                │
│   454 │   │   with self.console.wait_bar("Building..."):                                                                                                                         │
│   455 │   │   │   try:                                                                                                                                                           │
│ ❱ 456 │   │   │   │   self.tools.subprocess.run(                                                                                                                                 │
│   457 │   │   │   │   │   [                                                                                                                                                      │
│   458 │   │   │   │   │   │   "xcodebuild",                                                                                                                                      │
│   459 │   │   │   │   │   │   "build",                                                                                                                                           │
│                                                                                                                                                                                  │
│ ╭────────────────────────────────────── locals ───────────────────────────────────────╮                                                                                          │
│ │    app = <com.gustoughson.editor-mobile v0.1.0 AppConfig>                           │                                                                                          │
│ │ kwargs = {}                                                                         │                                                                                          │
│ │   self = <briefcase.platforms.iOS.xcode.iOSXcodeBuildCommand object at 0x10763bf70> │                                                                                          │
│ ╰─────────────────────────────────────────────────────────────────────────────────────╯                                                                                          │
│                                                                                                                                                                                  │
│ /Users/kylebishop/Library/Python/3.9/lib/python/site-packages/briefcase/integrations/subprocess.py:144 in inner                                                                  │
│                                                                                                                                                                                  │
│   141 │   │   │   with sub.tools.console.release_console_control():                                                                                                              │
│   142 │   │   │   │   return sub_method(sub, args, *wrapped_args, **wrapped_kwargs)                                                                                              │
│   143 │   │   else:                                                                                                                                                              │
│ ❱ 144 │   │   │   return sub_method(sub, args, *wrapped_args, **wrapped_kwargs)                                                                                                  │
│   145 │                                                                                                                                                                          │
│   146 │   return inner                                                                                                                                                           │
│   147                                                                                                                                                                            │
│                                                                                                                                                                                  │
│ ╭─────────────────────────────────────────────────────────────────────────────────── locals ───────────────────────────────────────────────────────────────────────────────────╮ │
│ │                    args = [                                                                                                                                                  │ │
│ │                           │   'xcodebuild',                                                                                                                                  │ │
│ │                           │   'build',                                                                                                                                       │ │
│ │                           │   '-project',                                                                                                                                    │ │
│ │                           │   PosixPath('/Users/kylebishop/Library/Mobile Documents/com~apple~CloudDocs/2DGameEditor/IOS/build/editor-mobile/ios/xcode/2D Game               │ │
│ │                           Editor.xcodeproj'),                                                                                                                                │ │
│ │                           │   '-configuration',                                                                                                                              │ │
│ │                           │   'Debug',                                                                                                                                       │ │
│ │                           │   '-arch',                                                                                                                                       │ │
│ │                           │   'arm64',                                                                                                                                       │ │
│ │                           │   '-sdk',                                                                                                                                        │ │
│ │                           │   'iphonesimulator',                                                                                                                             │ │
│ │                           │   ... +1                                                                                                                                         │ │
│ │                           ]                                                                                                                                                  │ │
│ │ remove_dynamic_elements = False                                                                                                                                              │ │
│ │                     sub = <briefcase.integrations.subprocess.Subprocess object at 0x1076ce3d0>                                                                               │ │
│ │            wrapped_args = ()                                                                                                                                                 │ │
│ │          wrapped_kwargs = {'check': True, 'filter_func': <briefcase.platforms.macOS.filters.XcodeBuildFilter object at 0x1078172b0>}                                         │ │
│ ╰──────────────────────────────────────────────────────────────────────────────────────────────────────────────────────────────────────────────────────────────────────────────╯ │
│                                                                                                                                                                                  │
│ /Users/kylebishop/Library/Python/3.9/lib/python/site-packages/briefcase/integrations/subprocess.py:539 in run                                                                    │
│                                                                                                                                                                                  │
│   536 │   │   # caller sets stream_output=False, then ensure_console_is_safe() will                                                                                              │
│   537 │   │   # disable any dynamic console elements while the command runs.                                                                                                     │
│   538 │   │   if stream_output:                                                                                                                                                  │
│ ❱ 539 │   │   │   return self._run_and_stream_output(args, filter_func=filter_func, **kwargs)                                                                                    │
│   540 │   │                                                                                                                                                                      │
│   541 │   │   # Can't filter non-streamed output.                                                                                                                                │
│   542 │   │   if filter_func:                                                                                                                                                    │
│                                                                                                                                                                                  │
│ ╭───────────────────────────────────────────────────────────────────────────────── locals ─────────────────────────────────────────────────────────────────────────────────╮     │
│ │          args = [                                                                                                                                                        │     │
│ │                 │   'xcodebuild',                                                                                                                                        │     │
│ │                 │   'build',                                                                                                                                             │     │
│ │                 │   '-project',                                                                                                                                          │     │
│ │                 │   PosixPath('/Users/kylebishop/Library/Mobile Documents/com~apple~CloudDocs/2DGameEditor/IOS/build/editor-mobile/ios/xcode/2D Game Editor.xcodeproj'), │     │
│ │                 │   '-configuration',                                                                                                                                    │     │
│ │                 │   'Debug',                                                                                                                                             │     │
│ │                 │   '-arch',                                                                                                                                             │     │
│ │                 │   'arm64',                                                                                                                                             │     │
│ │                 │   '-sdk',                                                                                                                                              │     │
│ │                 │   'iphonesimulator',                                                                                                                                   │     │
│ │                 │   ... +1                                                                                                                                               │     │
│ │                 ]                                                                                                                                                        │     │
│ │   filter_func = <briefcase.platforms.macOS.filters.XcodeBuildFilter object at 0x1078172b0>                                                                               │     │
│ │        kwargs = {'check': True}                                                                                                                                          │     │
│ │          self = <briefcase.integrations.subprocess.Subprocess object at 0x1076ce3d0>                                                                                     │     │
│ │ stream_output = True                                                                                                                                                     │     │
│ ╰──────────────────────────────────────────────────────────────────────────────────────────────────────────────────────────────────────────────────────────────────────────╯     │
│                                                                                                                                                                                  │
│ /Users/kylebishop/Library/Python/3.9/lib/python/site-packages/briefcase/integrations/subprocess.py:615 in _run_and_stream_output                                                 │
│                                                                                                                                                                                  │
│   612 │   │   self._log_return_code(return_code)                                                                                                                                 │
│   613 │   │                                                                                                                                                                      │
│   614 │   │   if check and return_code:                                                                                                                                          │
│ ❱ 615 │   │   │   raise subprocess.CalledProcessError(return_code, args, stderr=stderr)                                                                                          │
│   616 │   │                                                                                                                                                                      │
│   617 │   │   return subprocess.CompletedProcess(args, return_code, stderr=stderr)                                                                                               │
│   618                                                                                                                                                                            │
│                                                                                                                                                                                  │
│ ╭──────────────────────────────────────────────────────────────────────────────── locals ────────────────────────────────────────────────────────────────────────────────╮       │
│ │        args = [                                                                                                                                                        │       │
│ │               │   'xcodebuild',                                                                                                                                        │       │
│ │               │   'build',                                                                                                                                             │       │
│ │               │   '-project',                                                                                                                                          │       │
│ │               │   PosixPath('/Users/kylebishop/Library/Mobile Documents/com~apple~CloudDocs/2DGameEditor/IOS/build/editor-mobile/ios/xcode/2D Game Editor.xcodeproj'), │       │
│ │               │   '-configuration',                                                                                                                                    │       │
│ │               │   'Debug',                                                                                                                                             │       │
│ │               │   '-arch',                                                                                                                                             │       │
│ │               │   'arm64',                                                                                                                                             │       │
│ │               │   '-sdk',                                                                                                                                              │       │
│ │               │   'iphonesimulator',                                                                                                                                   │       │
│ │               │   ... +1                                                                                                                                               │       │
│ │               ]                                                                                                                                                        │       │
│ │       check = True                                                                                                                                                     │       │
│ │ filter_func = <briefcase.platforms.macOS.filters.XcodeBuildFilter object at 0x1078172b0>                                                                               │       │
│ │      kwargs = {'stdout': -1, 'stderr': -2, 'bufsize': 1}                                                                                                               │       │
│ │     process = <Popen: returncode: 65 args: ['xcodebuild', 'build', '-project', '/Users/kyl...>                                                                         │       │
│ │ return_code = 65                                                                                                                                                       │       │
│ │        self = <briefcase.integrations.subprocess.Subprocess object at 0x1076ce3d0>                                                                                     │       │
│ │      stderr = None                                                                                                                                                     │       │
│ ╰────────────────────────────────────────────────────────────────────────────────────────────────────────────────────────────────────────────────────────────────────────╯       │
╰──────────────────────────────────────────────────────────────────────────────────────────────────────────────────────────────────────────────────────────────────────────────────╯
CalledProcessError: Command '['xcodebuild', 'build', '-project', PosixPath('/Users/kylebishop/Library/Mobile Documents/com~apple~CloudDocs/2DGameEditor/IOS/build/editor-mobile/ios/xcode/2D Game Editor.xcodeproj'), '-configuration', 'Debug', '-arch', 'arm64', '-sdk', 'iphonesimulator', '-quiet']' returned non-zero exit status 65.

The above exception was the direct cause of the following exception:

╭─────────────────────────────────────────────────────────────────────── Traceback (most recent call last) ────────────────────────────────────────────────────────────────────────╮
│ /Users/kylebishop/Library/Python/3.9/lib/python/site-packages/briefcase/__main__.py:27 in main                                                                                   │
│                                                                                                                                                                                  │
│   24 │   │   │   Path.cwd() / "pyproject.toml",                                                                                                                                  │
│   25 │   │   │   overrides=overrides,                                                                                                                                            │
│   26 │   │   )                                                                                                                                                                   │
│ ❱ 27 │   │   command(**options)                                                                                                                                                  │
│   28 │   except HelpText as e:                                                                                                                                                   │
│   29 │   │   console.info()                                                                                                                                                      │
│   30 │   │   console.info(str(e))                                                                                                                                                │
│                                                                                                                                                                                  │
│ ╭────────────────────────────────────────── locals ──────────────────────────────────────────╮                                                                                   │
│ │       command = <briefcase.platforms.iOS.xcode.iOSXcodeBuildCommand object at 0x10763bf70> │                                                                                   │
│ │       console = <briefcase.console.Console object at 0x101182b50>                          │                                                                                   │
│ │             e = BriefcaseCommandError('Unable to build app editor-mobile.')                │                                                                                   │
│ │ extra_cmdline = ['--no-input']                                                             │                                                                                   │
│ │       options = {                                                                          │                                                                                   │
│ │                 │   'update': False,                                                       │                                                                                   │
│ │                 │   'update_requirements': False,                                          │                                                                                   │
│ │                 │   'update_support': False,                                               │                                                                                   │
│ │                 │   'update_stub': False,                                                  │                                                                                   │
│ │                 │   'update_resources': False,                                             │                                                                                   │
│ │                 │   'no_update': False,                                                    │                                                                                   │
│ │                 │   'test_mode': False                                                     │                                                                                   │
│ │                 }                                                                          │                                                                                   │
│ │     overrides = {}                                                                         │                                                                                   │
│ │        result = 200                                                                        │                                                                                   │
│ ╰────────────────────────────────────────────────────────────────────────────────────────────╯                                                                                   │
│                                                                                                                                                                                  │
│ /Users/kylebishop/Library/Python/3.9/lib/python/site-packages/briefcase/commands/build.py:154 in __call__                                                                        │
│                                                                                                                                                                                  │
│   151 │   │                                                                                                                                                                      │
│   152 │   │   state = None                                                                                                                                                       │
│   153 │   │   for app_name, app_obj in sorted(apps_to_build.items()):                                                                                                            │
│ ❱ 154 │   │   │   state = self._build_app(                                                                                                                                       │
│   155 │   │   │   │   app_obj,                                                                                                                                                   │
│   156 │   │   │   │   update=update,                                                                                                                                             │
│   157 │   │   │   │   update_requirements=update_requirements,                                                                                                                   │
│                                                                                                                                                                                  │
│ ╭───────────────────────────────────────────── locals ─────────────────────────────────────────────╮                                                                             │
│ │                 app = None                                                                       │                                                                             │
│ │            app_name = 'editor-mobile'                                                            │                                                                             │
│ │             app_obj = <com.gustoughson.editor-mobile v0.1.0 AppConfig>                           │                                                                             │
│ │       apps_to_build = {'editor-mobile': <com.gustoughson.editor-mobile v0.1.0 AppConfig>}        │                                                                             │
│ │           no_update = False                                                                      │                                                                             │
│ │             options = {}                                                                         │                                                                             │
│ │                self = <briefcase.platforms.iOS.xcode.iOSXcodeBuildCommand object at 0x10763bf70> │                                                                             │
│ │               state = None                                                                       │                                                                             │
│ │           test_mode = False                                                                      │                                                                             │
│ │              update = False                                                                      │                                                                             │
│ │ update_requirements = False                                                                      │                                                                             │
│ │    update_resources = False                                                                      │                                                                             │
│ │         update_stub = False                                                                      │                                                                             │
│ │      update_support = False                                                                      │                                                                             │
│ ╰──────────────────────────────────────────────────────────────────────────────────────────────────╯                                                                             │
│                                                                                                                                                                                  │
│ /Users/kylebishop/Library/Python/3.9/lib/python/site-packages/briefcase/commands/build.py:90 in _build_app                                                                       │
│                                                                                                                                                                                  │
│    87 │   │                                                                                                                                                                      │
│    88 │   │   self.verify_app(app)                                                                                                                                               │
│    89 │   │                                                                                                                                                                      │
│ ❱  90 │   │   state = self.build_app(app, **full_options(state, options))                                                                                                        │
│    91 │   │                                                                                                                                                                      │
│    92 │   │   qualifier = " (test mode)" if app.test_mode else ""                                                                                                                │
│    93 │   │   self.console.info(                                                                                                                                                 │
│                                                                                                                                                                                  │
│ ╭───────────────────────────────────────────── locals ─────────────────────────────────────────────╮                                                                             │
│ │                 app = <com.gustoughson.editor-mobile v0.1.0 AppConfig>                           │                                                                             │
│ │           no_update = False                                                                      │                                                                             │
│ │             options = {}                                                                         │                                                                             │
│ │                self = <briefcase.platforms.iOS.xcode.iOSXcodeBuildCommand object at 0x10763bf70> │                                                                             │
│ │               state = None                                                                       │                                                                             │
│ │              update = False                                                                      │                                                                             │
│ │ update_requirements = False                                                                      │                                                                             │
│ │    update_resources = False                                                                      │                                                                             │
│ │         update_stub = False                                                                      │                                                                             │
│ │      update_support = False                                                                      │                                                                             │
│ ╰──────────────────────────────────────────────────────────────────────────────────────────────────╯                                                                             │
│                                                                                                                                                                                  │
│ /Users/kylebishop/Library/Python/3.9/lib/python/site-packages/briefcase/platforms/iOS/xcode.py:476 in build_app                                                                  │
│                                                                                                                                                                                  │
│   473 │   │   │   │   │   ),                                                                                                                                                     │
│   474 │   │   │   │   )                                                                                                                                                          │
│   475 │   │   │   except subprocess.CalledProcessError as e:                                                                                                                     │
│ ❱ 476 │   │   │   │   raise BriefcaseCommandError(                                                                                                                               │
│   477 │   │   │   │   │   f"Unable to build app {app.app_name}."                                                                                                                 │
│   478 │   │   │   │   ) from e                                                                                                                                                   │
│   479                                                                                                                                                                            │
│                                                                                                                                                                                  │
│ ╭────────────────────────────────────── locals ───────────────────────────────────────╮                                                                                          │
│ │    app = <com.gustoughson.editor-mobile v0.1.0 AppConfig>                           │                                                                                          │
│ │ kwargs = {}                                                                         │                                                                                          │
│ │   self = <briefcase.platforms.iOS.xcode.iOSXcodeBuildCommand object at 0x10763bf70> │                                                                                          │
│ ╰─────────────────────────────────────────────────────────────────────────────────────╯                                                                                          │
╰──────────────────────────────────────────────────────────────────────────────────────────────────────────────────────────────────────────────────────────────────────────────────╯
BriefcaseCommandError: Unable to build app editor-mobile.
